#
# There is insufficient memory for the Java Runtime Environment to continue.
# Native memory allocation (mmap) failed to map 234881024 bytes for G1 virtual space
# Possible reasons:
#   The system is out of physical RAM or swap space
#   The process is running with CompressedOops enabled, and the Java Heap may be blocking the growth of the native heap
# Possible solutions:
#   Reduce memory load on the system
#   Increase physical memory or swap space
#   Check if swap backing store is full
#   Decrease Java heap size (-Xmx/-Xms)
#   Decrease number of Java threads
#   Decrease Java thread stack sizes (-Xss)
#   Set larger code cache with -XX:ReservedCodeCacheSize=
#   JVM is running with Zero Based Compressed Oops mode in which the Java heap is
#     placed in the first 32GB address space. The Java Heap base address is the
#     maximum limit for the native heap growth. Please use -XX:HeapBaseMinAddress
#     to set the Java Heap base and to place the Java Heap above 32GB virtual address.
# This output file may be truncated or incomplete.
#
#  Out of Memory Error (os_windows.cpp:3747), pid=8768, tid=2276
#
# JRE version:  (17.0.3+7) (build )
# Java VM: OpenJDK 64-Bit Server VM (17.0.3+7-b469.37, mixed mode, sharing, tiered, compressed oops, compressed class ptrs, g1 gc, windows-amd64)
# No core dump will be written. Minidumps are not enabled by default on client versions of Windows
#

---------------  S U M M A R Y ------------

Command Line: git4idea.http.GitAskPassApp Username for 'https://github.com': 

Host: AMD Ryzen 5 3550H with Radeon Vega Mobile Gfx  , 8 cores, 13G,  Windows 10 , 64 bit Build 17763 (10.0.17763.3887)
Time: Thu Feb 23 03:07:16 2023 RTZ 2 (зима) elapsed time: 0.013268 seconds (0d 0h 0m 0s)

---------------  T H R E A D  ---------------

Current thread (0x000001f4b8fb9ee0):  JavaThread "Unknown thread" [_thread_in_vm, id=2276, stack(0x0000007c07900000,0x0000007c07a00000)]

Stack: [0x0000007c07900000,0x0000007c07a00000]
Native frames: (J=compiled Java code, j=interpreted, Vv=VM code, C=native code)
V  [jvm.dll+0x681f8a]
V  [jvm.dll+0x83e374]
V  [jvm.dll+0x83fb1e]
V  [jvm.dll+0x840183]
V  [jvm.dll+0x2492a5]
V  [jvm.dll+0x67ee59]
V  [jvm.dll+0x67355a]
V  [jvm.dll+0x308fab]
V  [jvm.dll+0x310466]
V  [jvm.dll+0x3601de]
V  [jvm.dll+0x36040f]
V  [jvm.dll+0x2df098]
V  [jvm.dll+0x2e0004]
V  [jvm.dll+0x80fc61]
V  [jvm.dll+0x36df61]
V  [jvm.dll+0x7ef17c]
V  [jvm.dll+0x3f10ef]
V  [jvm.dll+0x3f2c31]
C  [jli.dll+0x526b]
C  [ucrtbase.dll+0x2268a]
C  [KERNEL32.DLL+0x17ad4]
C  [ntdll.dll+0x5a371]


---------------  P R O C E S S  ---------------

Threads class SMR info:
_java_thread_list=0x00007ffb063c6f18, length=0, elements={
}

Java Threads: ( => current thread )

Other Threads:
  0x000001f4b901c8f0 GCTaskThread "GC Thread#0" [stack: 0x0000007c07a00000,0x0000007c07b00000] [id=12640]
  0x000001f4b902b710 ConcurrentGCThread "G1 Main Marker" [stack: 0x0000007c07b00000,0x0000007c07c00000] [id=5964]
  0x000001f4b902cce0 ConcurrentGCThread "G1 Conc#0" [stack: 0x0000007c07c00000,0x0000007c07d00000] [id=16444]

[error occurred during error reporting (printing all threads), id 0xc0000005, EXCEPTION_ACCESS_VIOLATION (0xc0000005) at pc=0x00007ffb05b7fc57]

VM state: not at safepoint (not fully initialized)

VM Mutex/Monitor currently owned by a thread:  ([mutex/lock_event])
[0x000001f4b8fb5600] Heap_lock - owner thread: 0x000001f4b8fb9ee0

Heap address: 0x0000000721e00000, size: 3554 MB, Compressed Oops mode: Zero based, Oop shift amount: 3

CDS archive(s) mapped at: [0x0000000000000000-0x0000000000000000-0x0000000000000000), size 0, SharedBaseAddress: 0x0000000800000000, ArchiveRelocationMode: 0.
Narrow klass base: 0x0000000000000000, Narrow klass shift: 0, Narrow klass range: 0x0

GC Precious Log:
<Empty>

Heap:
 garbage-first heap   total 0K, used 0K [0x0000000721e00000, 0x0000000800000000)
  region size 2048K, 0 young (0K), 0 survivors (0K)

[error occurred during error reporting (printing heap information), id 0xc0000005, EXCEPTION_ACCESS_VIOLATION (0xc0000005) at pc=0x00007ffb05f6bbd9]

GC Heap History (0 events):
No events

Deoptimization events (0 events):
No events

Classes unloaded (0 events):
No events

Classes redefined (0 events):
No events

Internal exceptions (0 events):
No events

VM Operations (0 events):
No events

Events (1 events):
Event: 0.006 Loaded shared library C:\Program Files\JetBrains\WebStorm 2022.2.1\jbr\bin\java.dll


Dynamic libraries:
0x00007ff7f7350000 - 0x00007ff7f735a000 	C:\Program Files\JetBrains\WebStorm 2022.2.1\jbr\bin\java.exe
0x00007ffb55640000 - 0x00007ffb5582e000 	C:\Windows\SYSTEM32\ntdll.dll
0x00007ffb20f90000 - 0x00007ffb20fa7000 	C:\Program Files\Avast Software\Avast\aswhook.dll
0x00007ffb53340000 - 0x00007ffb533f3000 	C:\Windows\System32\KERNEL32.DLL
0x00007ffb517f0000 - 0x00007ffb51a8d000 	C:\Windows\System32\KERNELBASE.dll
0x00007ffb52600000 - 0x00007ffb526fa000 	C:\Windows\System32\ucrtbase.dll
0x00007ffb4b3d0000 - 0x00007ffb4b3e7000 	C:\Program Files\JetBrains\WebStorm 2022.2.1\jbr\bin\jli.dll
0x00007ffb3f150000 - 0x00007ffb3f16b000 	C:\Program Files\JetBrains\WebStorm 2022.2.1\jbr\bin\VCRUNTIME140.dll
0x00007ffb55270000 - 0x00007ffb55408000 	C:\Windows\System32\USER32.dll
0x00007ffb52700000 - 0x00007ffb52720000 	C:\Windows\System32\win32u.dll
0x00007ffb36530000 - 0x00007ffb367a9000 	C:\Windows\WinSxS\amd64_microsoft.windows.common-controls_6595b64144ccf1df_6.0.17763.3887_none_de7547fe5347b868\COMCTL32.dll
0x00007ffb52a00000 - 0x00007ffb52a29000 	C:\Windows\System32\GDI32.dll
0x00007ffb53420000 - 0x00007ffb534be000 	C:\Windows\System32\msvcrt.dll
0x00007ffb51ab0000 - 0x00007ffb51c50000 	C:\Windows\System32\gdi32full.dll
0x00007ffb54d20000 - 0x00007ffb5504c000 	C:\Windows\System32\combase.dll
0x00007ffb52720000 - 0x00007ffb527c0000 	C:\Windows\System32\msvcp_win.dll
0x00007ffb549d0000 - 0x00007ffb54aed000 	C:\Windows\System32\RPCRT4.dll
0x00007ffb51730000 - 0x00007ffb517b2000 	C:\Windows\System32\bcryptPrimitives.dll
0x00007ffb52a90000 - 0x00007ffb52abe000 	C:\Windows\System32\IMM32.DLL
0x00007ffb4cc30000 - 0x00007ffb4cc3c000 	C:\Program Files\JetBrains\WebStorm 2022.2.1\jbr\bin\vcruntime140_1.dll
0x00007ffb3e7c0000 - 0x00007ffb3e84d000 	C:\Program Files\JetBrains\WebStorm 2022.2.1\jbr\bin\msvcp140.dll
0x00007ffb05890000 - 0x00007ffb064f8000 	C:\Program Files\JetBrains\WebStorm 2022.2.1\jbr\bin\server\jvm.dll
0x00007ffb55560000 - 0x00007ffb55607000 	C:\Windows\System32\ADVAPI32.dll
0x00007ffb52960000 - 0x00007ffb529ff000 	C:\Windows\System32\sechost.dll
0x00007ffb534c0000 - 0x00007ffb534c8000 	C:\Windows\System32\PSAPI.DLL
0x00007ffb32770000 - 0x00007ffb32779000 	C:\Windows\SYSTEM32\WSOCK32.dll
0x00007ffb4f890000 - 0x00007ffb4f8b4000 	C:\Windows\SYSTEM32\WINMM.dll
0x00007ffb4ba50000 - 0x00007ffb4ba5a000 	C:\Windows\SYSTEM32\VERSION.dll
0x00007ffb54cb0000 - 0x00007ffb54d1d000 	C:\Windows\System32\WS2_32.dll
0x00007ffb4f860000 - 0x00007ffb4f88d000 	C:\Windows\SYSTEM32\winmmbase.dll
0x00007ffb516e0000 - 0x00007ffb5172a000 	C:\Windows\System32\cfgmgr32.dll
0x00007ffb51610000 - 0x00007ffb51621000 	C:\Windows\System32\kernel.appcore.dll
0x00007ffb4df70000 - 0x00007ffb4df7a000 	C:\Program Files\JetBrains\WebStorm 2022.2.1\jbr\bin\jimage.dll
0x00007ffb47400000 - 0x00007ffb475ed000 	C:\Windows\SYSTEM32\DBGHELP.DLL
0x00007ffb3b810000 - 0x00007ffb3b83a000 	C:\Windows\SYSTEM32\dbgcore.DLL
0x00007ffb4b2c0000 - 0x00007ffb4b2e5000 	C:\Program Files\JetBrains\WebStorm 2022.2.1\jbr\bin\java.dll

dbghelp: loaded successfully - version: 4.0.5 - missing functions: none
symbol engine: initialized successfully - sym options: 0x614 - pdb path: .;C:\Program Files\JetBrains\WebStorm 2022.2.1\jbr\bin;C:\Windows\SYSTEM32;C:\Program Files\Avast Software\Avast;C:\Windows\WinSxS\amd64_microsoft.windows.common-controls_6595b64144ccf1df_6.0.17763.3887_none_de7547fe5347b868;C:\Program Files\JetBrains\WebStorm 2022.2.1\jbr\bin\server

VM Arguments:
java_command: git4idea.http.GitAskPassApp Username for 'https://github.com': 
java_class_path (initial): C:/Program Files/JetBrains/WebStorm 2022.2.1/plugins/git4idea/lib/git4idea-rt.jar;C:/Program Files/JetBrains/WebStorm 2022.2.1/lib/externalProcess-rt.jar;C:/Program Files/JetBrains/WebStorm 2022.2.1/lib/app.jar;C:/Program Files/JetBrains/WebStorm 2022.2.1/lib/3rd-party-rt.jar
Launcher Type: SUN_STANDARD

[Global flags]
     intx CICompilerCount                          = 4                                         {product} {ergonomic}
     uint ConcGCThreads                            = 2                                         {product} {ergonomic}
     uint G1ConcRefinementThreads                  = 8                                         {product} {ergonomic}
   size_t G1HeapRegionSize                         = 2097152                                   {product} {ergonomic}
    uintx GCDrainStackTargetSize                   = 64                                        {product} {ergonomic}
   size_t InitialHeapSize                          = 234881024                                 {product} {ergonomic}
   size_t MarkStackSize                            = 4194304                                   {product} {ergonomic}
   size_t MaxHeapSize                              = 3726639104                                {product} {ergonomic}
   size_t MinHeapDeltaBytes                        = 2097152                                   {product} {ergonomic}
   size_t MinHeapSize                              = 8388608                                   {product} {ergonomic}
    uintx NonNMethodCodeHeapSize                   = 5839372                                {pd product} {ergonomic}
    uintx NonProfiledCodeHeapSize                  = 122909434                              {pd product} {ergonomic}
    uintx ProfiledCodeHeapSize                     = 122909434                              {pd product} {ergonomic}
    uintx ReservedCodeCacheSize                    = 251658240                              {pd product} {ergonomic}
     bool SegmentedCodeCache                       = true                                      {product} {ergonomic}
   size_t SoftMaxHeapSize                          = 3726639104                             {manageable} {ergonomic}
     bool UseCompressedClassPointers               = true                           {product lp64_product} {ergonomic}
     bool UseCompressedOops                        = true                           {product lp64_product} {ergonomic}
     bool UseG1GC                                  = true                                      {product} {ergonomic}
     bool UseLargePagesIndividualAllocation        = false                                  {pd product} {ergonomic}

Logging:
Log output configuration:
 #0: stdout all=warning uptime,level,tags
 #1: stderr all=off uptime,level,tags

Environment Variables:
PATH=C:\Program Files\Git\mingw64\libexec\git-core;C:\Program Files\Git\mingw64\libexec\git-core;C:\Program Files\Git\mingw64\bin;C:\Program Files\Git\usr\bin;C:\Users\Лёва\bin;C:\Program Files (x86)\Common Files\Oracle\Java\javapath;C:\Windows\system32;C:\Windows;C:\Windows\System32\Wbem;C:\Windows\System32\WindowsPowerShell\v1.0;C:\Windows\System32\OpenSSH;C:\Program Files (x86)\NVIDIA Corporation\PhysX\Common;C:\Program Files\NVIDIA Corporation\NVIDIA NvDLISR;C:\Program Files\Git\cmd;C:\Users\Лёва\AppData\Roaming\nvm;C:\Program Files\nodejs;C:\Program Files\nodejs;C:\Program Files\PuTTY;С;C:\Program Files\Git\php;C:\Users\Лёва\AppData\Local\Microsoft\WindowsApps;C:\Users\Лёва\AppData\Local\Programs\Microsoft VS Code\bin;C:\Users\Лёва\AppData\Roaming\nvm;C:\Program Files\nodejs;C:\Users\Лёва\AppData\Roaming\npm;C:\Users\Лёва\AppData\Local\GitHubDesktop\bin;C:\php
USERNAME=Лёва
DISPLAY=:0.0
LC_ALL=en_US.UTF-8
OS=Windows_NT
PROCESSOR_IDENTIFIER=AMD64 Family 23 Model 24 Stepping 1, AuthenticAMD



---------------  S Y S T E M  ---------------

OS:
 Windows 10 , 64 bit Build 17763 (10.0.17763.3887)
OS uptime: 3 days 13:14 hours

CPU: total 8 (initial active 8) (8 cores per cpu, 2 threads per core) family 23 model 24 stepping 1 microcode 0x0, cx8, cmov, fxsr, ht, mmx, 3dnowpref, sse, sse2, sse3, ssse3, sse4a, sse4.1, sse4.2, popcnt, lzcnt, tsc, tscinvbit, avx, avx2, aes, clmul, bmi1, bmi2, adx, sha, fma, vzeroupper, clflush, clflushopt

Memory: 4k page, system-wide physical 14213M (4313M free)
TotalPageFile size 16261M (AvailPageFile size 225M)
current process WorkingSet (physical memory assigned to process): 10M, peak: 10M
current process commit charge ("private bytes"): 60M, peak: 284M

vm_info: OpenJDK 64-Bit Server VM (17.0.3+7-b469.37) for windows-amd64 JRE (17.0.3+7-b469.37), built on 2022-08-01 by "builduser" with MS VC++ 16.10 / 16.11 (VS2019)

END.
